2026-06-28 08:03:05 [Information] Calculation for "CombinedWith", PA=1, PB=1, Result=1
2026-06-28 08:08:33 [Information] Calculation for "CombinedWith", PA=1, PB=1, Result=1
2026-06-28 08:36:53 [Information] Calculation for "Either", PA=1, PB=1, Result=1
2026-06-28 08:37:23 [Information] Calculation for "CombinedWith", PA=1, PB=1, Result=1
2026-06-28 08:38:58 [Information] Calculation for "CombinedWith", PA=1, PB=1, Result=1
2026-06-28 09:07:56 [Information] Calculation for "CombinedWith", PA=1, PB=1, Result=1
2026-06-28 09:19:14 [Information] Calculation for "CombinedWith", PA=1, PB=1, Result=1
2026-06-28 09:19:35 [Information] Calculation for "CombinedWith", PA=1, PB=1, Result=1
2026-06-28 09:35:16 [Information] Calculation for "CombinedWith", PA=1, PB=1, Result=1
2026-06-28 09:38:26 [Information] Calculation for "CombinedWith", PA=1, PB=1, Result=1
2026-06-28 10:17:28 [Information] Calculation for "CombinedWith", PA=0.01, PB=0.02, Result=0.0002
2026-06-28 10:17:33 [Information] Calculation for "CombinedWith", PA=0.01, PB=0.02, Result=0.0002
2026-06-28 10:17:34 [Information] Calculation for "CombinedWith", PA=0.01, PB=0.02, Result=0.0002
2026-06-28 10:17:35 [Information] Calculation for "CombinedWith", PA=0.01, PB=0.02, Result=0.0002
2026-06-28 10:18:08 [Information] Calculation for "CombinedWith", PA=0.01, PB=0.02, Result=0.0002
2026-06-28 10:18:13 [Information] Calculation for "CombinedWith", PA=0.01, PB=0.02, Result=0.0002
2026-06-28 10:18:18 [Information] Calculation for "CombinedWith", PA=0.01, PB=0.02, Result=0.0002
2026-06-28 10:18:27 [Information] Calculation for "CombinedWith", PA=0.01, PB=0.02, Result=0.0002
2026-06-28 10:18:30 [Information] Calculation for "CombinedWith", PA=0.01, PB=0.02, Result=0.0002
2026-06-28 10:18:30 [Information] Calculation for "CombinedWith", PA=0.01, PB=0.02, Result=0.0002
2026-06-28 10:18:30 [Information] Calculation for "CombinedWith", PA=0.01, PB=0.02, Result=0.0002
2026-06-28 10:18:30 [Information] Calculation for "CombinedWith", PA=0.01, PB=0.02, Result=0.0002
2026-06-28 10:18:31 [Information] Calculation for "CombinedWith", PA=0.01, PB=0.02, Result=0.0002
2026-06-28 10:19:12 [Information] Calculation for "CombinedWith", PA=1, PB=1, Result=1
2026-06-28 10:19:12 [Information] Calculation for "CombinedWith", PA=1, PB=1, Result=1
2026-06-28 10:19:12 [Information] Calculation for "CombinedWith", PA=1, PB=1, Result=1
2026-06-28 10:19:12 [Information] Calculation for "CombinedWith", PA=1, PB=1, Result=1
2026-06-28 10:19:12 [Information] Calculation for "CombinedWith", PA=1, PB=1, Result=1
2026-06-28 10:19:12 [Information] Calculation for "CombinedWith", PA=1, PB=1, Result=1
2026-06-28 10:20:17 [Information] Calculation for "CombinedWith", PA=1, PB=1, Result=1
2026-06-28 10:39:27 [Information] Calculation for "CombinedWith", PA=0, PB=0, Result=0
2026-06-28 10:39:30 [Information] Calculation for "CombinedWith", PA=0, PB=0, Result=0
2026-06-28 10:39:31 [Information] Calculation for "CombinedWith", PA=1, PB=0, Result=0
2026-06-28 10:39:32 [Information] Calculation for "CombinedWith", PA=1, PB=1, Result=1
2026-06-28 10:39:33 [Information] Calculation for "CombinedWith", PA=1, PB=1, Result=1
2026-06-28 10:39:50 [Information] Calculation for "CombinedWith", PA=1, PB=1, Result=1
2026-06-28 10:39:54 [Information] Calculation for "CombinedWith", PA=1, PB=1, Result=1
2026-06-28 10:40:00 [Information] Calculation for "CombinedWith", PA=1, PB=1, Result=1
2026-06-28 10:40:13 [Information] Calculation for "CombinedWith", PA=1, PB=1, Result=1
2026-06-28 10:46:21 [Information] Calculation for "CombinedWith", PA=1, PB=1, Result=1
2026-06-28 10:46:21 [Information] Calculation for "CombinedWith", PA=0, PB=0, Result=0
2026-06-28 10:46:21 [Information] Calculation for "CombinedWith", PA=1, PB=0, Result=0
2026-06-28 10:46:21 [Information] Calculation for "CombinedWith", PA=1, PB=1, Result=1
2026-06-28 10:46:21 [Information] Calculation for "CombinedWith", PA=0, PB=0, Result=0
2026-06-28 10:46:21 [Information] Calculation for "CombinedWith", PA=1, PB=1, Result=1
2026-06-28 10:46:21 [Information] Calculation for "CombinedWith", PA=1, PB=0, Result=0
2026-06-28 10:47:25 [Information] Calculation for "CombinedWith", PA=1, PB=1, Result=1
2026-06-28 10:47:28 [Information] Calculation for "CombinedWith", PA=0, PB=0, Result=0
2026-06-28 10:47:34 [Information] Calculation for "CombinedWith", PA=0, PB=0, Result=0
2026-06-28 10:47:36 [Information] Calculation for "CombinedWith", PA=1, PB=0, Result=0
2026-06-28 10:47:37 [Information] Calculation for "CombinedWith", PA=1, PB=1, Result=1
2026-06-28 10:47:40 [Information] Calculation for "CombinedWith", PA=1, PB=1, Result=1
2026-06-28 10:47:45 [Information] Calculation for "CombinedWith", PA=1, PB=1, Result=1
2026-06-28 10:47:51 [Information] Calculation for "CombinedWith", PA=1, PB=1, Result=1
2026-06-28 10:48:12 [Information] Calculation for "CombinedWith", PA=0, PB=0, Result=0
2026-06-28 10:48:16 [Information] Calculation for "CombinedWith", PA=0.01, PB=0, Result=0
2026-06-28 10:48:17 [Information] Calculation for "CombinedWith", PA=0.01, PB=0.01, Result=0.0001
2026-06-28 10:48:18 [Information] Calculation for "CombinedWith", PA=0.01, PB=0.01, Result=0.0001
2026-06-28 11:06:56 [Information] Calculation for "CombinedWith", PA=0, PB=0, Result=0
2026-06-28 11:08:21 [Information] Calculation for "CombinedWith", PA=0, PB=0, Result=0
2026-06-28 11:20:42 [Information] Calculation for "CombinedWith", PA=0, PB=0, Result=0
2026-06-28 11:22:36 [Information] Calculation for "CombinedWith", PA=0, PB=0, Result=0
2026-06-28 11:22:38 [Information] Calculation for "CombinedWith", PA=0, PB=0, Result=0
2026-06-28 11:22:39 [Information] Calculation for "CombinedWith", PA=1, PB=0, Result=0
2026-06-28 11:22:40 [Information] Calculation for "CombinedWith", PA=1, PB=1, Result=1
2026-06-28 11:23:31 [Information] Calculation for "CombinedWith", PA=0, PB=0, Result=0
2026-06-28 11:23:32 [Information] Calculation for "CombinedWith", PA=1, PB=0, Result=0
2026-06-28 11:23:33 [Information] Calculation for "CombinedWith", PA=1, PB=1, Result=1
2026-06-28 11:24:00 [Information] Calculation for "CombinedWith", PA=1, PB=0.2, Result=0.2
2026-06-28 11:24:00 [Information] Calculation for "CombinedWith", PA=1, PB=0.25, Result=0.25
2026-06-28 11:24:24 [Information] Calculation for "CombinedWith", PA=1, PB=0.5, Result=0.5
2026-06-28 11:24:24 [Information] Calculation for "CombinedWith", PA=1, PB=0.15, Result=0.15
2026-06-28 11:25:26 [Information] Calculation for "CombinedWith", PA=1, PB=0.1, Result=0.1
2026-06-28 11:25:27 [Information] Calculation for "CombinedWith", PA=1, PB=0.14, Result=0.14
2026-06-28 11:26:17 [Information] Calculation for "CombinedWith", PA=1, PB=0.17, Result=0.17
2026-06-28 11:26:49 [Information] Calculation for "CombinedWith", PA=0, PB=0, Result=0
2026-06-28 11:26:55 [Information] Calculation for "CombinedWith", PA=0.1, PB=0, Result=0
2026-06-28 11:26:55 [Information] Calculation for "CombinedWith", PA=0.12, PB=0, Result=0
2026-06-28 11:27:05 [Information] Calculation for "CombinedWith", PA=0.12, PB=1, Result=0.12
2026-06-28 11:28:35 [Information] Calculation for "CombinedWith", PA=1, PB=1, Result=1
2026-06-28 11:28:47 [Information] Calculation for "CombinedWith", PA=1, PB=1, Result=1
2026-06-28 11:29:03 [Information] Calculation for "CombinedWith", PA=1, PB=0.25, Result=0.25
2026-06-28 11:29:31 [Information] Calculation for "CombinedWith", PA=1, PB=0.25, Result=0.25
2026-06-28 12:03:55 [Information] Calculation for "CombinedWith", PA=0, PB=0, Result=0
2026-06-28 12:03:59 [Information] Calculation for "Either", PA=0, PB=0, Result=0
2026-06-28 12:37:59 [Information] Calculation for "CombinedWith", PA=0, PB=0, Result=0
2026-06-28 12:38:02 [Information] Calculation for "Either", PA=0, PB=0, Result=0
2026-06-28 12:38:04 [Information] Calculation for "CombinedWith", PA=0, PB=0, Result=0
2026-06-28 12:38:07 [Information] Calculation for "Either", PA=0, PB=0, Result=0
2026-06-28 12:38:16 [Information] Calculation for "CombinedWith", PA=1, PB=0, Result=0
2026-06-28 12:38:18 [Information] Calculation for "CombinedWith", PA=1, PB=1, Result=1
2026-06-28 13:25:41 [Information] Calculation for "CombinedWith", PA=0, PB=0, Result=0
2026-06-28 13:25:43 [Information] Calculation for "Either", PA=0, PB=0, Result=0
2026-06-28 13:25:48 [Information] Calculation for "CombinedWith", PA=0, PB=0, Result=0
2026-06-28 13:26:20 [Information] Calculation for "CombinedWith", PA=0, PB=0, Result=0
2026-06-28 14:14:44 [Information] Calculation for "CombinedWith", PA=1, PB=1, Result=1
2026-06-28 14:15:53 [Information] Calculation for "Either", PA=1, PB=0.25, Result=1
2026-06-28 14:20:03 [Information] Calculation for "CombinedWith", PA=1, PB=1, Result=1
2026-06-28 14:20:11 [Information] Calculation for "CombinedWith", PA=1, PB=0.24, Result=0.24
2026-06-28 14:20:21 [Information] Calculation for "CombinedWith", PA=0.25, PB=0.5, Result=0.125
2026-06-28 14:24:27 [Information] Calculation for "Either", PA=0.5, PB=0.1, Result=0.5499999999999999
2026-06-28 14:24:40 [Information] Calculation for "Either", PA=0.5, PB=0.1, Result=0.5499999999999999
2026-06-28 14:24:41 [Information] Calculation for "Either", PA=0.5, PB=0.1, Result=0.5499999999999999
2026-06-28 14:24:41 [Information] Calculation for "Either", PA=0.5, PB=0.1, Result=0.5499999999999999
2026-06-28 14:24:49 [Information] Calculation for "Either", PA=0.55, PB=0.01, Result=0.5545000000000001
2026-06-28 14:33:50 [Information] Calculation for "CombinedWith", PA=0.34, PB=0.39, Result=0.1326
2026-06-28 14:33:54 [Information] Calculation for "Either", PA=0.34, PB=0.39, Result=0.5974
2026-06-28 14:34:14 [Information] Calculation for "Either", PA=0.34, PB=0.12, Result=0.4192
2026-06-28 14:36:13 [Information] Calculation for "Either", PA=0.34, PB=0.12, Result=0.4192
2026-06-28 14:43:03 [Information] Calculation for "Either", PA=0.2, PB=1, Result=1
2026-06-28 14:43:22 [Information] Calculation for "Either", PA=0.2, PB=0.7, Result=0.76
2026-06-28 17:02:04 [Information] Calculation for "CombinedWith", PA=1, PB=1, Result=1
2026-06-28 17:02:17 [Information] Calculation for "Either", PA=1, PB=1, Result=1
2026-06-28 17:02:26 [Information] Calculation for "Either", PA=1, PB=0.7, Result=1
2026-06-28 17:02:27 [Information] Calculation for "Either", PA=1, PB=0.7, Result=1
2026-06-28 17:02:28 [Information] Calculation for "Either", PA=1, PB=0.7, Result=1
2026-06-28 17:02:50 [Information] Calculation for "Either", PA=0.5, PB=0.7, Result=0.85
2026-06-28 17:02:58 [Information] Calculation for "Either", PA=0.5, PB=0.6, Result=0.8
2026-06-28 17:03:09 [Information] Calculation for "Either", PA=0.5, PB=0.9, Result=0.95
2026-06-28 17:03:23 [Information] Calculation for "CombinedWith", PA=0.1, PB=0.15, Result=0.015
2026-06-28 17:03:27 [Information] Calculation for "Either", PA=0.1, PB=0.15, Result=0.235
2026-06-28 17:03:32 [Information] Calculation for "Either", PA=0.1, PB=0.34, Result=0.406
2026-06-28 17:03:40 [Information] Calculation for "CombinedWith", PA=0.3, PB=0.34, Result=0.102
2026-06-28 17:27:21 [Information] Calculation for "CombinedWith", PA=1, PB=1, Result=1
2026-06-28 17:27:33 [Information] Calculation for "CombinedWith", PA=1, PB=0.5, Result=0.5
2026-06-28 17:28:05 [Information] Calculation for "CombinedWith", PA=0.1, PB=0.2, Result=0.02
2026-06-28 17:32:00 [Information] Calculation for "CombinedWith", PA=0.5, PB=0.9, Result=0.45
2026-06-28 17:32:03 [Information] Calculation for "Either", PA=0.5, PB=0.9, Result=0.95
2026-06-28 20:51:00 [Information] Calculation for "Either", PA=0.1, PB=0.2, Result=0.28
2026-06-28 20:51:17 [Information] Calculation for "CombinedWith", PA=0.5, PB=0.7, Result=0.35
2026-06-28 22:56:15 [Information] Calculation for "Either", PA=0.1, PB=0.2, Result=0.28
2026-06-28 22:56:29 [Information] Calculation for "Either", PA=0.51, PB=0.62, Result=0.8138
2026-06-28 22:58:36 [Information] Calculation for "CombinedWith", PA=0.1, PB=0.3, Result=0.03
